<?xml version="1.0" encoding="UTF-8"?>
<testsuite xmlns:xsi="http://www.w3.org/2001/XMLSchema-instance" xsi:noNamespaceSchemaLocation="https://maven.apache.org/surefire/maven-surefire-plugin/xsd/surefire-test-report.xsd" name="SalesGeneratorJUnitTest" time="1.298" tests="1" errors="0" skipped="0" failures="1">
  <properties>
    <property name="sun.desktop" value="windows"/>
    <property name="awt.toolkit" value="sun.awt.windows.WToolkit"/>
    <property name="file.encoding.pkg" value="sun.io"/>
    <property name="java.specification.version" value="1.8"/>
    <property name="sun.cpu.isalist" value="amd64"/>
    <property name="sun.jnu.encoding" value="Cp1252"/>
    <property name="java.class.path" value="C:\Users\DavidTadeo.....Progr\Documents\Carpeta de trabajo\easy-retail-campanita\era_repositories\target\test-classes;C:\Users\DavidTadeo.....Progr\Documents\Carpeta de trabajo\easy-retail-campanita\era_repositories\target\classes;C:\Users\DavidTadeo.....Progr\Documents\Carpeta de trabajo\easy-retail-campanita\era_models\target\classes;C:\Users\DavidTadeo.....Progr\.m2\repository\org\hibernate\hibernate-commons-annotations\3.3.0.ga\hibernate-commons-annotations-3.3.0.ga.jar;C:\Users\DavidTadeo.....Progr\.m2\repository\org\hibernate\hibernate\3.2.1.ga\hibernate-3.2.1.ga.jar;C:\Users\DavidTadeo.....Progr\.m2\repository\net\sf\ehcache\ehcache\1.2.3\ehcache-1.2.3.jar;C:\Users\DavidTadeo.....Progr\.m2\repository\asm\asm-attrs\1.5.3\asm-attrs-1.5.3.jar;C:\Users\DavidTadeo.....Progr\.m2\repository\cglib\cglib\2.1_3\cglib-2.1_3.jar;C:\Users\DavidTadeo.....Progr\.m2\repository\asm\asm\1.5.3\asm-1.5.3.jar;C:\Users\DavidTadeo.....Progr\.m2\repository\javax\persistence\persistence-api\1.0\persistence-api-1.0.jar;C:\Users\DavidTadeo.....Progr\.m2\repository\org\hibernate\hibernate-annotations\3.3.1.GA\hibernate-annotations-3.3.1.GA.jar;C:\Users\DavidTadeo.....Progr\.m2\repository\org\hibernate\ejb3-persistence\1.0.1.GA\ejb3-persistence-1.0.1.GA.jar;C:\Users\DavidTadeo.....Progr\.m2\repository\commons-logging\commons-logging\1.0.4\commons-logging-1.0.4.jar;C:\Users\DavidTadeo.....Progr\.m2\repository\javax\transaction\jta\1.1\jta-1.1.jar;C:\Users\DavidTadeo.....Progr\Documents\Carpeta de trabajo\easy-retail-campanita\era_datamodels\target\classes;C:\Users\DavidTadeo.....Progr\.m2\repository\org\junit\jupiter\junit-jupiter-api\5.5.2\junit-jupiter-api-5.5.2.jar;C:\Users\DavidTadeo.....Progr\.m2\repository\org\apiguardian\apiguardian-api\1.1.0\apiguardian-api-1.1.0.jar;C:\Users\DavidTadeo.....Progr\.m2\repository\org\opentest4j\opentest4j\1.2.0\opentest4j-1.2.0.jar;C:\Users\DavidTadeo.....Progr\.m2\repository\org\junit\platform\junit-platform-commons\1.5.2\junit-platform-commons-1.5.2.jar;C:\Users\DavidTadeo.....Progr\.m2\repository\org\junit\jupiter\junit-jupiter-engine\5.4.0\junit-jupiter-engine-5.4.0.jar;C:\Users\DavidTadeo.....Progr\.m2\repository\org\junit\platform\junit-platform-engine\1.4.0\junit-platform-engine-1.4.0.jar;C:\Users\DavidTadeo.....Progr\.m2\repository\org\hibernate\hibernate-core\3.6.0.Final\hibernate-core-3.6.0.Final.jar;C:\Users\DavidTadeo.....Progr\.m2\repository\antlr\antlr\2.7.6\antlr-2.7.6.jar;C:\Users\DavidTadeo.....Progr\.m2\repository\commons-collections\commons-collections\3.1\commons-collections-3.1.jar;C:\Users\DavidTadeo.....Progr\.m2\repository\dom4j\dom4j\1.6.1\dom4j-1.6.1.jar;C:\Users\DavidTadeo.....Progr\.m2\repository\org\hibernate\hibernate-validator\4.2.0.Final\hibernate-validator-4.2.0.Final.jar;C:\Users\DavidTadeo.....Progr\.m2\repository\org\hibernate\javax\persistence\hibernate-jpa-2.0-api\1.0.1.Final\hibernate-jpa-2.0-api-1.0.1.Final.jar;C:\Users\DavidTadeo.....Progr\.m2\repository\org\hibernate\hibernate-entitymanager\4.0.1.Final\hibernate-entitymanager-4.0.1.Final.jar;C:\Users\DavidTadeo.....Progr\.m2\repository\org\jboss\spec\javax\transaction\jboss-transaction-api_1.1_spec\1.0.0.Final\jboss-transaction-api_1.1_spec-1.0.0.Final.jar;C:\Users\DavidTadeo.....Progr\.m2\repository\org\javassist\javassist\3.15.0-GA\javassist-3.15.0-GA.jar;C:\Users\DavidTadeo.....Progr\.m2\repository\org\hibernate\common\hibernate-commons-annotations\4.0.1.Final\hibernate-commons-annotations-4.0.1.Final.jar;C:\Users\DavidTadeo.....Progr\.m2\repository\javax\validation\validation-api\1.0.0.GA\validation-api-1.0.0.GA.jar;C:\Users\DavidTadeo.....Progr\.m2\repository\org\slf4j\slf4j-api\1.6.4\slf4j-api-1.6.4.jar;C:\Users\DavidTadeo.....Progr\.m2\repository\org\jboss\logging\jboss-logging\3.1.0.CR2\jboss-logging-3.1.0.CR2.jar;C:\Users\DavidTadeo.....Progr\.m2\repository\org\slf4j\slf4j-log4j12\1.6.4\slf4j-log4j12-1.6.4.jar;C:\Users\DavidTadeo.....Progr\.m2\repository\log4j\log4j\1.2.16\log4j-1.2.16.jar;C:\Users\DavidTadeo.....Progr\.m2\repository\mysql\mysql-connector-java\5.1.10\mysql-connector-java-5.1.10.jar;C:\Users\DavidTadeo.....Progr\Documents\Carpeta de trabajo\easy-retail-campanita\era_logger\target\classes;C:\Users\DavidTadeo.....Progr\Documents\Carpeta de trabajo\easy-retail-campanita\era_utilities\target\classes;C:\Users\DavidTadeo.....Progr\.m2\repository\com\google\code\gson\gson\2.6.2\gson-2.6.2.jar;C:\Users\DavidTadeo.....Progr\.m2\repository\com\pusher\pusher-java-client\2.0.2\pusher-java-client-2.0.2.jar;C:\Users\DavidTadeo.....Progr\.m2\repository\org\java-websocket\Java-WebSocket\1.4.0\Java-WebSocket-1.4.0.jar;C:\Users\DavidTadeo.....Progr\.m2\repository\ca\juliusdavies\not-yet-commons-ssl\0.3.9\not-yet-commons-ssl-0.3.9.jar;C:\Users\DavidTadeo.....Progr\.m2\repository\commons-httpclient\commons-httpclient\3.0\commons-httpclient-3.0.jar;C:\Users\DavidTadeo.....Progr\.m2\repository\junit\junit\3.8.1\junit-3.8.1.jar;C:\Users\DavidTadeo.....Progr\.m2\repository\commons-codec\commons-codec\1.2\commons-codec-1.2.jar;C:\Users\DavidTadeo.....Progr\.m2\repository\commons-io\commons-io\2.6\commons-io-2.6.jar;C:\Users\DavidTadeo.....Progr\.m2\repository\org\apache\poi\poi-ooxml\3.9\poi-ooxml-3.9.jar;C:\Users\DavidTadeo.....Progr\.m2\repository\org\apache\poi\poi\3.9\poi-3.9.jar;C:\Users\DavidTadeo.....Progr\.m2\repository\org\apache\poi\poi-ooxml-schemas\3.9\poi-ooxml-schemas-3.9.jar;C:\Users\DavidTadeo.....Progr\.m2\repository\org\apache\xmlbeans\xmlbeans\2.3.0\xmlbeans-2.3.0.jar;C:\Users\DavidTadeo.....Progr\.m2\repository\stax\stax-api\1.0.1\stax-api-1.0.1.jar;C:\Users\DavidTadeo.....Progr\.m2\repository\com\era\era_repositories\1.0-SNAPSHOT\era_repositories-1.0-SNAPSHOT.jar;C:\Users\DavidTadeo.....Progr\Documents\Carpeta de trabajo\easy-retail-campanita\era_easyretail\target\classes;C:\Users\DavidTadeo.....Progr\Documents\Carpeta de trabajo\easy-retail-campanita\era_httpclient\target\classes;C:\Users\DavidTadeo.....Progr\.m2\repository\com\fasterxml\jackson\core\jackson-core\2.10.0.pr3\jackson-core-2.10.0.pr3.jar;C:\Users\DavidTadeo.....Progr\.m2\repository\com\fasterxml\jackson\core\jackson-annotations\2.10.0.pr3\jackson-annotations-2.10.0.pr3.jar;C:\Users\DavidTadeo.....Progr\.m2\repository\com\fasterxml\jackson\core\jackson-databind\2.10.0.pr3\jackson-databind-2.10.0.pr3.jar;C:\Users\DavidTadeo.....Progr\.m2\repository\org\apache\httpcomponents\httpclient\4.5.10\httpclient-4.5.10.jar;C:\Users\DavidTadeo.....Progr\.m2\repository\org\apache\httpcomponents\httpcore\4.4.12\httpcore-4.4.12.jar;C:\Users\DavidTadeo.....Progr\.m2\repository\org\apache\commons\commons-lang3\3.9\commons-lang3-3.9.jar;C:\Users\DavidTadeo.....Progr\Documents\Carpeta de trabajo\easy-retail-campanita\era_views\target\classes;C:\Users\DavidTadeo.....Progr\.m2\repository\org\netbeans\external\AbsoluteLayout\RELEASE802\AbsoluteLayout-RELEASE802.jar;C:\Users\DavidTadeo.....Progr\.m2\repository\com\toedter\jcalendar\1.1.4\jcalendar-1.1.4.jar;"/>
    <property name="java.vm.vendor" value="Oracle Corporation"/>
    <property name="sun.arch.data.model" value="64"/>
    <property name="user.variant" value=""/>
    <property name="java.vendor.url" value="http://java.oracle.com/"/>
    <property name="user.timezone" value=""/>
    <property name="java.vm.specification.version" value="1.8"/>
    <property name="os.name" value="Windows 8.1"/>
    <property name="sun.java.launcher" value="SUN_STANDARD"/>
    <property name="user.country" value="MX"/>
    <property name="sun.boot.library.path" value="C:\Program Files\Java\jdk1.8.0_231\jre\bin"/>
    <property name="sun.java.command" value="C:\Users\DAVIDT~1.PRO\AppData\Local\Temp\surefire1192004280965652027\surefirebooter4620277395749627328.jar C:\Users\DavidTadeo.....Progr\AppData\Local\Temp\surefire1192004280965652027 2020-06-30T07-02-07_353-jvmRun1 surefire237520459652147386tmp surefire_02255481724499985427tmp"/>
    <property name="test" value="SalesGeneratorJUnitTest"/>
    <property name="surefire.test.class.path" value="C:\Users\DavidTadeo.....Progr\Documents\Carpeta de trabajo\easy-retail-campanita\era_repositories\target\test-classes;C:\Users\DavidTadeo.....Progr\Documents\Carpeta de trabajo\easy-retail-campanita\era_repositories\target\classes;C:\Users\DavidTadeo.....Progr\Documents\Carpeta de trabajo\easy-retail-campanita\era_models\target\classes;C:\Users\DavidTadeo.....Progr\.m2\repository\org\hibernate\hibernate-commons-annotations\3.3.0.ga\hibernate-commons-annotations-3.3.0.ga.jar;C:\Users\DavidTadeo.....Progr\.m2\repository\org\hibernate\hibernate\3.2.1.ga\hibernate-3.2.1.ga.jar;C:\Users\DavidTadeo.....Progr\.m2\repository\net\sf\ehcache\ehcache\1.2.3\ehcache-1.2.3.jar;C:\Users\DavidTadeo.....Progr\.m2\repository\asm\asm-attrs\1.5.3\asm-attrs-1.5.3.jar;C:\Users\DavidTadeo.....Progr\.m2\repository\cglib\cglib\2.1_3\cglib-2.1_3.jar;C:\Users\DavidTadeo.....Progr\.m2\repository\asm\asm\1.5.3\asm-1.5.3.jar;C:\Users\DavidTadeo.....Progr\.m2\repository\javax\persistence\persistence-api\1.0\persistence-api-1.0.jar;C:\Users\DavidTadeo.....Progr\.m2\repository\org\hibernate\hibernate-annotations\3.3.1.GA\hibernate-annotations-3.3.1.GA.jar;C:\Users\DavidTadeo.....Progr\.m2\repository\org\hibernate\ejb3-persistence\1.0.1.GA\ejb3-persistence-1.0.1.GA.jar;C:\Users\DavidTadeo.....Progr\.m2\repository\commons-logging\commons-logging\1.0.4\commons-logging-1.0.4.jar;C:\Users\DavidTadeo.....Progr\.m2\repository\javax\transaction\jta\1.1\jta-1.1.jar;C:\Users\DavidTadeo.....Progr\Documents\Carpeta de trabajo\easy-retail-campanita\era_datamodels\target\classes;C:\Users\DavidTadeo.....Progr\.m2\repository\org\junit\jupiter\junit-jupiter-api\5.5.2\junit-jupiter-api-5.5.2.jar;C:\Users\DavidTadeo.....Progr\.m2\repository\org\apiguardian\apiguardian-api\1.1.0\apiguardian-api-1.1.0.jar;C:\Users\DavidTadeo.....Progr\.m2\repository\org\opentest4j\opentest4j\1.2.0\opentest4j-1.2.0.jar;C:\Users\DavidTadeo.....Progr\.m2\repository\org\junit\platform\junit-platform-commons\1.5.2\junit-platform-commons-1.5.2.jar;C:\Users\DavidTadeo.....Progr\.m2\repository\org\junit\jupiter\junit-jupiter-engine\5.4.0\junit-jupiter-engine-5.4.0.jar;C:\Users\DavidTadeo.....Progr\.m2\repository\org\junit\platform\junit-platform-engine\1.4.0\junit-platform-engine-1.4.0.jar;C:\Users\DavidTadeo.....Progr\.m2\repository\org\hibernate\hibernate-core\3.6.0.Final\hibernate-core-3.6.0.Final.jar;C:\Users\DavidTadeo.....Progr\.m2\repository\antlr\antlr\2.7.6\antlr-2.7.6.jar;C:\Users\DavidTadeo.....Progr\.m2\repository\commons-collections\commons-collections\3.1\commons-collections-3.1.jar;C:\Users\DavidTadeo.....Progr\.m2\repository\dom4j\dom4j\1.6.1\dom4j-1.6.1.jar;C:\Users\DavidTadeo.....Progr\.m2\repository\org\hibernate\hibernate-validator\4.2.0.Final\hibernate-validator-4.2.0.Final.jar;C:\Users\DavidTadeo.....Progr\.m2\repository\org\hibernate\javax\persistence\hibernate-jpa-2.0-api\1.0.1.Final\hibernate-jpa-2.0-api-1.0.1.Final.jar;C:\Users\DavidTadeo.....Progr\.m2\repository\org\hibernate\hibernate-entitymanager\4.0.1.Final\hibernate-entitymanager-4.0.1.Final.jar;C:\Users\DavidTadeo.....Progr\.m2\repository\org\jboss\spec\javax\transaction\jboss-transaction-api_1.1_spec\1.0.0.Final\jboss-transaction-api_1.1_spec-1.0.0.Final.jar;C:\Users\DavidTadeo.....Progr\.m2\repository\org\javassist\javassist\3.15.0-GA\javassist-3.15.0-GA.jar;C:\Users\DavidTadeo.....Progr\.m2\repository\org\hibernate\common\hibernate-commons-annotations\4.0.1.Final\hibernate-commons-annotations-4.0.1.Final.jar;C:\Users\DavidTadeo.....Progr\.m2\repository\javax\validation\validation-api\1.0.0.GA\validation-api-1.0.0.GA.jar;C:\Users\DavidTadeo.....Progr\.m2\repository\org\slf4j\slf4j-api\1.6.4\slf4j-api-1.6.4.jar;C:\Users\DavidTadeo.....Progr\.m2\repository\org\jboss\logging\jboss-logging\3.1.0.CR2\jboss-logging-3.1.0.CR2.jar;C:\Users\DavidTadeo.....Progr\.m2\repository\org\slf4j\slf4j-log4j12\1.6.4\slf4j-log4j12-1.6.4.jar;C:\Users\DavidTadeo.....Progr\.m2\repository\log4j\log4j\1.2.16\log4j-1.2.16.jar;C:\Users\DavidTadeo.....Progr\.m2\repository\mysql\mysql-connector-java\5.1.10\mysql-connector-java-5.1.10.jar;C:\Users\DavidTadeo.....Progr\Documents\Carpeta de trabajo\easy-retail-campanita\era_logger\target\classes;C:\Users\DavidTadeo.....Progr\Documents\Carpeta de trabajo\easy-retail-campanita\era_utilities\target\classes;C:\Users\DavidTadeo.....Progr\.m2\repository\com\google\code\gson\gson\2.6.2\gson-2.6.2.jar;C:\Users\DavidTadeo.....Progr\.m2\repository\com\pusher\pusher-java-client\2.0.2\pusher-java-client-2.0.2.jar;C:\Users\DavidTadeo.....Progr\.m2\repository\org\java-websocket\Java-WebSocket\1.4.0\Java-WebSocket-1.4.0.jar;C:\Users\DavidTadeo.....Progr\.m2\repository\ca\juliusdavies\not-yet-commons-ssl\0.3.9\not-yet-commons-ssl-0.3.9.jar;C:\Users\DavidTadeo.....Progr\.m2\repository\commons-httpclient\commons-httpclient\3.0\commons-httpclient-3.0.jar;C:\Users\DavidTadeo.....Progr\.m2\repository\junit\junit\3.8.1\junit-3.8.1.jar;C:\Users\DavidTadeo.....Progr\.m2\repository\commons-codec\commons-codec\1.2\commons-codec-1.2.jar;C:\Users\DavidTadeo.....Progr\.m2\repository\commons-io\commons-io\2.6\commons-io-2.6.jar;C:\Users\DavidTadeo.....Progr\.m2\repository\org\apache\poi\poi-ooxml\3.9\poi-ooxml-3.9.jar;C:\Users\DavidTadeo.....Progr\.m2\repository\org\apache\poi\poi\3.9\poi-3.9.jar;C:\Users\DavidTadeo.....Progr\.m2\repository\org\apache\poi\poi-ooxml-schemas\3.9\poi-ooxml-schemas-3.9.jar;C:\Users\DavidTadeo.....Progr\.m2\repository\org\apache\xmlbeans\xmlbeans\2.3.0\xmlbeans-2.3.0.jar;C:\Users\DavidTadeo.....Progr\.m2\repository\stax\stax-api\1.0.1\stax-api-1.0.1.jar;C:\Users\DavidTadeo.....Progr\.m2\repository\com\era\era_repositories\1.0-SNAPSHOT\era_repositories-1.0-SNAPSHOT.jar;C:\Users\DavidTadeo.....Progr\Documents\Carpeta de trabajo\easy-retail-campanita\era_easyretail\target\classes;C:\Users\DavidTadeo.....Progr\Documents\Carpeta de trabajo\easy-retail-campanita\era_httpclient\target\classes;C:\Users\DavidTadeo.....Progr\.m2\repository\com\fasterxml\jackson\core\jackson-core\2.10.0.pr3\jackson-core-2.10.0.pr3.jar;C:\Users\DavidTadeo.....Progr\.m2\repository\com\fasterxml\jackson\core\jackson-annotations\2.10.0.pr3\jackson-annotations-2.10.0.pr3.jar;C:\Users\DavidTadeo.....Progr\.m2\repository\com\fasterxml\jackson\core\jackson-databind\2.10.0.pr3\jackson-databind-2.10.0.pr3.jar;C:\Users\DavidTadeo.....Progr\.m2\repository\org\apache\httpcomponents\httpclient\4.5.10\httpclient-4.5.10.jar;C:\Users\DavidTadeo.....Progr\.m2\repository\org\apache\httpcomponents\httpcore\4.4.12\httpcore-4.4.12.jar;C:\Users\DavidTadeo.....Progr\.m2\repository\org\apache\commons\commons-lang3\3.9\commons-lang3-3.9.jar;C:\Users\DavidTadeo.....Progr\Documents\Carpeta de trabajo\easy-retail-campanita\era_views\target\classes;C:\Users\DavidTadeo.....Progr\.m2\repository\org\netbeans\external\AbsoluteLayout\RELEASE802\AbsoluteLayout-RELEASE802.jar;C:\Users\DavidTadeo.....Progr\.m2\repository\com\toedter\jcalendar\1.1.4\jcalendar-1.1.4.jar;"/>
    <property name="sun.cpu.endian" value="little"/>
    <property name="user.home" value="C:\Users\DavidTadeo.....Progr"/>
    <property name="user.language" value="es"/>
    <property name="java.specification.vendor" value="Oracle Corporation"/>
    <property name="java.home" value="C:\Program Files\Java\jdk1.8.0_231\jre"/>
    <property name="basedir" value="C:\Users\DavidTadeo.....Progr\Documents\Carpeta de trabajo\easy-retail-campanita\era_repositories"/>
    <property name="file.separator" value="\"/>
    <property name="line.separator" value="&#10;"/>
    <property name="java.vm.specification.vendor" value="Oracle Corporation"/>
    <property name="java.specification.name" value="Java Platform API Specification"/>
    <property name="java.awt.graphicsenv" value="sun.awt.Win32GraphicsEnvironment"/>
    <property name="surefire.real.class.path" value="C:\Users\DAVIDT~1.PRO\AppData\Local\Temp\surefire1192004280965652027\surefirebooter4620277395749627328.jar"/>
    <property name="sun.boot.class.path" value="C:\Program Files\Java\jdk1.8.0_231\jre\lib\resources.jar;C:\Program Files\Java\jdk1.8.0_231\jre\lib\rt.jar;C:\Program Files\Java\jdk1.8.0_231\jre\lib\sunrsasign.jar;C:\Program Files\Java\jdk1.8.0_231\jre\lib\jsse.jar;C:\Program Files\Java\jdk1.8.0_231\jre\lib\jce.jar;C:\Program Files\Java\jdk1.8.0_231\jre\lib\charsets.jar;C:\Program Files\Java\jdk1.8.0_231\jre\lib\jfr.jar;C:\Program Files\Java\jdk1.8.0_231\jre\classes"/>
    <property name="user.script" value=""/>
    <property name="sun.management.compiler" value="HotSpot 64-Bit Tiered Compilers"/>
    <property name="java.runtime.version" value="1.8.0_231-b11"/>
    <property name="user.name" value="PC"/>
    <property name="path.separator" value=";"/>
    <property name="os.version" value="6.3"/>
    <property name="java.endorsed.dirs" value="C:\Program Files\Java\jdk1.8.0_231\jre\lib\endorsed"/>
    <property name="java.runtime.name" value="Java(TM) SE Runtime Environment"/>
    <property name="file.encoding" value="Cp1252"/>
    <property name="java.vm.name" value="Java HotSpot(TM) 64-Bit Server VM"/>
    <property name="maven.ext.class.path" value="C:\Program Files\NetBeans 8.0.2\java\maven-nblib\netbeans-eventspy.jar;C:\Program Files\NetBeans 8.0.2\java\maven-nblib\netbeans-cos.jar"/>
    <property name="localRepository" value="C:\Users\DavidTadeo.....Progr\.m2\repository"/>
    <property name="java.vendor.url.bug" value="http://bugreport.sun.com/bugreport/"/>
    <property name="java.io.tmpdir" value="C:\Users\DAVIDT~1.PRO\AppData\Local\Temp\"/>
    <property name="java.version" value="1.8.0_231"/>
    <property name="user.dir" value="C:\Users\DavidTadeo.....Progr\Documents\Carpeta de trabajo\easy-retail-campanita\era_repositories"/>
    <property name="os.arch" value="amd64"/>
    <property name="java.vm.specification.name" value="Java Virtual Machine Specification"/>
    <property name="java.awt.printerjob" value="sun.awt.windows.WPrinterJob"/>
    <property name="sun.os.patch.level" value=""/>
    <property name="java.library.path" value="C:\Program Files\Java\jdk1.8.0_231\jre\bin;C:\Windows\Sun\Java\bin;C:\Windows\system32;C:\Windows;C:\Program Files (x86)\Common Files\Oracle\Java\javapath;C:\Windows\system32;C:\Windows;C:\Windows\System32\Wbem;C:\Windows\System32\WindowsPowerShell\v1.0\;C:\Program Files (x86)\ATI Technologies\ATI.ACE\Core-Static;C:\wamp\bin\php\php5.3.10;C:\wamp\bin\php\php5.6.40;C:\composer;C:\WinNMP\bin\PHP\32bit-php-5.6;C:\Users\DavidTadeo.....Progr\AppData\Roaming\Composer\vendor\bin;C:\WinNMP\bin;C:\Users\DavidTadeo.....Progr\AppData\Local\GitHubDesktop\bin;."/>
    <property name="java.vm.info" value="mixed mode"/>
    <property name="java.vendor" value="Oracle Corporation"/>
    <property name="java.vm.version" value="25.231-b11"/>
    <property name="java.ext.dirs" value="C:\Program Files\Java\jdk1.8.0_231\jre\lib\ext;C:\Windows\Sun\Java\lib\ext"/>
    <property name="sun.io.unicode.encoding" value="UnicodeLittle"/>
    <property name="java.class.version" value="52.0"/>
  </properties>
  <testcase name="createRandomSalesTest" classname="SalesGeneratorJUnitTest" time="1.273">
    <failure type="org.opentest4j.AssertionFailedError:">org.opentest4j.AssertionFailedError: 
	at SalesGeneratorJUnitTest.createRandomSalesTest(SalesGeneratorJUnitTest.java:115)
</failure>
    <system-out><![CDATA[Logger: Decrypting getInstance: ijhX8Hgcsms2bOs+OK6W6w==
Logger: Decrypting getUser: localhost
Logger: Decrypting getPassword: localhost
Logger: Decrypting getDb: localhost
Logger: Decrypting getCashNumber: localhost
Logger: Decrypting getPort: localhost
Logger: Decrypting getCompanyName: localhost
Error: java.lang.NullPointerException
	at com.era.repositories.utils.HibernateUtil.createLocalHibernateConfigModel(HibernateUtil.java:128)
	at SalesGeneratorJUnitTest.createRandomSalesTest(SalesGeneratorJUnitTest.java:65)
	at sun.reflect.NativeMethodAccessorImpl.invoke0(Native Method)
	at sun.reflect.NativeMethodAccessorImpl.invoke(NativeMethodAccessorImpl.java:62)
	at sun.reflect.DelegatingMethodAccessorImpl.invoke(DelegatingMethodAccessorImpl.java:43)
	at java.lang.reflect.Method.invoke(Method.java:498)
	at org.junit.platform.commons.util.ReflectionUtils.invokeMethod(ReflectionUtils.java:675)
	at org.junit.jupiter.engine.execution.ExecutableInvoker.invoke(ExecutableInvoker.java:117)
	at org.junit.jupiter.engine.descriptor.TestMethodTestDescriptor.lambda$invokeTestMethod$7(TestMethodTestDescriptor.java:184)
	at org.junit.platform.engine.support.hierarchical.ThrowableCollector.execute(ThrowableCollector.java:73)
	at org.junit.jupiter.engine.descriptor.TestMethodTestDescriptor.invokeTestMethod(TestMethodTestDescriptor.java:180)
	at org.junit.jupiter.engine.descriptor.TestMethodTestDescriptor.execute(TestMethodTestDescriptor.java:127)
	at org.junit.jupiter.engine.descriptor.TestMethodTestDescriptor.execute(TestMethodTestDescriptor.java:68)
	at org.junit.platform.engine.support.hierarchical.NodeTestTask.lambda$executeRecursively$5(NodeTestTask.java:135)
	at org.junit.platform.engine.support.hierarchical.ThrowableCollector.execute(ThrowableCollector.java:73)
	at org.junit.platform.engine.support.hierarchical.NodeTestTask.lambda$executeRecursively$7(NodeTestTask.java:125)
	at org.junit.platform.engine.support.hierarchical.Node.around(Node.java:135)
	at org.junit.platform.engine.support.hierarchical.NodeTestTask.lambda$executeRecursively$8(NodeTestTask.java:123)
	at org.junit.platform.engine.support.hierarchical.ThrowableCollector.execute(ThrowableCollector.java:73)
	at org.junit.platform.engine.support.hierarchical.NodeTestTask.executeRecursively(NodeTestTask.java:122)
	at org.junit.platform.engine.support.hierarchical.NodeTestTask.execute(NodeTestTask.java:80)
	at java.util.ArrayList.forEach(ArrayList.java:1257)
	at org.junit.platform.engine.support.hierarchical.SameThreadHierarchicalTestExecutorService.invokeAll(SameThreadHierarchicalTestExecutorService.java:38)
	at org.junit.platform.engine.support.hierarchical.NodeTestTask.lambda$executeRecursively$5(NodeTestTask.java:139)
	at org.junit.platform.engine.support.hierarchical.ThrowableCollector.execute(ThrowableCollector.java:73)
	at org.junit.platform.engine.support.hierarchical.NodeTestTask.lambda$executeRecursively$7(NodeTestTask.java:125)
	at org.junit.platform.engine.support.hierarchical.Node.around(Node.java:135)
	at org.junit.platform.engine.support.hierarchical.NodeTestTask.lambda$executeRecursively$8(NodeTestTask.java:123)
	at org.junit.platform.engine.support.hierarchical.ThrowableCollector.execute(ThrowableCollector.java:73)
	at org.junit.platform.engine.support.hierarchical.NodeTestTask.executeRecursively(NodeTestTask.java:122)
	at org.junit.platform.engine.support.hierarchical.NodeTestTask.execute(NodeTestTask.java:80)
	at java.util.ArrayList.forEach(ArrayList.java:1257)
	at org.junit.platform.engine.support.hierarchical.SameThreadHierarchicalTestExecutorService.invokeAll(SameThreadHierarchicalTestExecutorService.java:38)
	at org.junit.platform.engine.support.hierarchical.NodeTestTask.lambda$executeRecursively$5(NodeTestTask.java:139)
	at org.junit.platform.engine.support.hierarchical.ThrowableCollector.execute(ThrowableCollector.java:73)
	at org.junit.platform.engine.support.hierarchical.NodeTestTask.lambda$executeRecursively$7(NodeTestTask.java:125)
	at org.junit.platform.engine.support.hierarchical.Node.around(Node.java:135)
	at org.junit.platform.engine.support.hierarchical.NodeTestTask.lambda$executeRecursively$8(NodeTestTask.java:123)
	at org.junit.platform.engine.support.hierarchical.ThrowableCollector.execute(ThrowableCollector.java:73)
	at org.junit.platform.engine.support.hierarchical.NodeTestTask.executeRecursively(NodeTestTask.java:122)
	at org.junit.platform.engine.support.hierarchical.NodeTestTask.execute(NodeTestTask.java:80)
	at org.junit.platform.engine.support.hierarchical.SameThreadHierarchicalTestExecutorService.submit(SameThreadHierarchicalTestExecutorService.java:32)
	at org.junit.platform.engine.support.hierarchical.HierarchicalTestExecutor.execute(HierarchicalTestExecutor.java:57)
	at org.junit.platform.engine.support.hierarchical.HierarchicalTestEngine.execute(HierarchicalTestEngine.java:51)
	at org.junit.platform.launcher.core.DefaultLauncher.execute(DefaultLauncher.java:170)
	at org.junit.platform.launcher.core.DefaultLauncher.execute(DefaultLauncher.java:154)
	at org.junit.platform.launcher.core.DefaultLauncher.execute(DefaultLauncher.java:90)
	at org.junit.platform.surefire.provider.JUnitPlatformProvider.invokeAllTests(JUnitPlatformProvider.java:132)
	at org.junit.platform.surefire.provider.JUnitPlatformProvider.invoke(JUnitPlatformProvider.java:111)
	at org.apache.maven.surefire.booter.ForkedBooter.invokeProviderInSameClassLoader(ForkedBooter.java:379)
	at org.apache.maven.surefire.booter.ForkedBooter.runSuitesInProcess(ForkedBooter.java:340)
	at org.apache.maven.surefire.booter.ForkedBooter.execute(ForkedBooter.java:125)
	at org.apache.maven.surefire.booter.ForkedBooter.main(ForkedBooter.java:413)

]]></system-out>
    <system-err><![CDATA[jun 30, 2020 7:02:10 AM com.era.logger.LoggerUtility logInfo
INFORMACIÓN: Logger: Decrypting getInstance: ijhX8Hgcsms2bOs+OK6W6w==
jun 30, 2020 7:02:11 AM com.era.logger.LoggerUtility logInfo
INFORMACIÓN: Logger: Decrypting getUser: localhost
jun 30, 2020 7:02:11 AM com.era.logger.LoggerUtility logInfo
INFORMACIÓN: Logger: Decrypting getPassword: localhost
jun 30, 2020 7:02:11 AM com.era.logger.LoggerUtility logInfo
INFORMACIÓN: Logger: Decrypting getDb: localhost
jun 30, 2020 7:02:11 AM com.era.logger.LoggerUtility logInfo
INFORMACIÓN: Logger: Decrypting getCashNumber: localhost
jun 30, 2020 7:02:11 AM com.era.logger.LoggerUtility logInfo
INFORMACIÓN: Logger: Decrypting getPort: localhost
jun 30, 2020 7:02:11 AM com.era.logger.LoggerUtility logInfo
INFORMACIÓN: Logger: Decrypting getCompanyName: localhost
jun 30, 2020 7:02:11 AM com.era.logger.LoggerUtility logError
INFORMACIÓN: Error: java.lang.NullPointerException
	at com.era.repositories.utils.HibernateUtil.createLocalHibernateConfigModel(HibernateUtil.java:128)
	at SalesGeneratorJUnitTest.createRandomSalesTest(SalesGeneratorJUnitTest.java:65)
	at sun.reflect.NativeMethodAccessorImpl.invoke0(Native Method)
	at sun.reflect.NativeMethodAccessorImpl.invoke(NativeMethodAccessorImpl.java:62)
	at sun.reflect.DelegatingMethodAccessorImpl.invoke(DelegatingMethodAccessorImpl.java:43)
	at java.lang.reflect.Method.invoke(Method.java:498)
	at org.junit.platform.commons.util.ReflectionUtils.invokeMethod(ReflectionUtils.java:675)
	at org.junit.jupiter.engine.execution.ExecutableInvoker.invoke(ExecutableInvoker.java:117)
	at org.junit.jupiter.engine.descriptor.TestMethodTestDescriptor.lambda$invokeTestMethod$7(TestMethodTestDescriptor.java:184)
	at org.junit.platform.engine.support.hierarchical.ThrowableCollector.execute(ThrowableCollector.java:73)
	at org.junit.jupiter.engine.descriptor.TestMethodTestDescriptor.invokeTestMethod(TestMethodTestDescriptor.java:180)
	at org.junit.jupiter.engine.descriptor.TestMethodTestDescriptor.execute(TestMethodTestDescriptor.java:127)
	at org.junit.jupiter.engine.descriptor.TestMethodTestDescriptor.execute(TestMethodTestDescriptor.java:68)
	at org.junit.platform.engine.support.hierarchical.NodeTestTask.lambda$executeRecursively$5(NodeTestTask.java:135)
	at org.junit.platform.engine.support.hierarchical.ThrowableCollector.execute(ThrowableCollector.java:73)
	at org.junit.platform.engine.support.hierarchical.NodeTestTask.lambda$executeRecursively$7(NodeTestTask.java:125)
	at org.junit.platform.engine.support.hierarchical.Node.around(Node.java:135)
	at org.junit.platform.engine.support.hierarchical.NodeTestTask.lambda$executeRecursively$8(NodeTestTask.java:123)
	at org.junit.platform.engine.support.hierarchical.ThrowableCollector.execute(ThrowableCollector.java:73)
	at org.junit.platform.engine.support.hierarchical.NodeTestTask.executeRecursively(NodeTestTask.java:122)
	at org.junit.platform.engine.support.hierarchical.NodeTestTask.execute(NodeTestTask.java:80)
	at java.util.ArrayList.forEach(ArrayList.java:1257)
	at org.junit.platform.engine.support.hierarchical.SameThreadHierarchicalTestExecutorService.invokeAll(SameThreadHierarchicalTestExecutorService.java:38)
	at org.junit.platform.engine.support.hierarchical.NodeTestTask.lambda$executeRecursively$5(NodeTestTask.java:139)
	at org.junit.platform.engine.support.hierarchical.ThrowableCollector.execute(ThrowableCollector.java:73)
	at org.junit.platform.engine.support.hierarchical.NodeTestTask.lambda$executeRecursively$7(NodeTestTask.java:125)
	at org.junit.platform.engine.support.hierarchical.Node.around(Node.java:135)
	at org.junit.platform.engine.support.hierarchical.NodeTestTask.lambda$executeRecursively$8(NodeTestTask.java:123)
	at org.junit.platform.engine.support.hierarchical.ThrowableCollector.execute(ThrowableCollector.java:73)
	at org.junit.platform.engine.support.hierarchical.NodeTestTask.executeRecursively(NodeTestTask.java:122)
	at org.junit.platform.engine.support.hierarchical.NodeTestTask.execute(NodeTestTask.java:80)
	at java.util.ArrayList.forEach(ArrayList.java:1257)
	at org.junit.platform.engine.support.hierarchical.SameThreadHierarchicalTestExecutorService.invokeAll(SameThreadHierarchicalTestExecutorService.java:38)
	at org.junit.platform.engine.support.hierarchical.NodeTestTask.lambda$executeRecursively$5(NodeTestTask.java:139)
	at org.junit.platform.engine.support.hierarchical.ThrowableCollector.execute(ThrowableCollector.java:73)
	at org.junit.platform.engine.support.hierarchical.NodeTestTask.lambda$executeRecursively$7(NodeTestTask.java:125)
	at org.junit.platform.engine.support.hierarchical.Node.around(Node.java:135)
	at org.junit.platform.engine.support.hierarchical.NodeTestTask.lambda$executeRecursively$8(NodeTestTask.java:123)
	at org.junit.platform.engine.support.hierarchical.ThrowableCollector.execute(ThrowableCollector.java:73)
	at org.junit.platform.engine.support.hierarchical.NodeTestTask.executeRecursively(NodeTestTask.java:122)
	at org.junit.platform.engine.support.hierarchical.NodeTestTask.execute(NodeTestTask.java:80)
	at org.junit.platform.engine.support.hierarchical.SameThreadHierarchicalTestExecutorService.submit(SameThreadHierarchicalTestExecutorService.java:32)
	at org.junit.platform.engine.support.hierarchical.HierarchicalTestExecutor.execute(HierarchicalTestExecutor.java:57)
	at org.junit.platform.engine.support.hierarchical.HierarchicalTestEngine.execute(HierarchicalTestEngine.java:51)
	at org.junit.platform.launcher.core.DefaultLauncher.execute(DefaultLauncher.java:170)
	at org.junit.platform.launcher.core.DefaultLauncher.execute(DefaultLauncher.java:154)
	at org.junit.platform.launcher.core.DefaultLauncher.execute(DefaultLauncher.java:90)
	at org.junit.platform.surefire.provider.JUnitPlatformProvider.invokeAllTests(JUnitPlatformProvider.java:132)
	at org.junit.platform.surefire.provider.JUnitPlatformProvider.invoke(JUnitPlatformProvider.java:111)
	at org.apache.maven.surefire.booter.ForkedBooter.invokeProviderInSameClassLoader(ForkedBooter.java:379)
	at org.apache.maven.surefire.booter.ForkedBooter.runSuitesInProcess(ForkedBooter.java:340)
	at org.apache.maven.surefire.booter.ForkedBooter.execute(ForkedBooter.java:125)
	at org.apache.maven.surefire.booter.ForkedBooter.main(ForkedBooter.java:413)

]]></system-err>
  </testcase>
</testsuite>